  CastRay.cpp
C:\Users\spell\OneDrive\Ray-Tracer\Ray Tracer\CastRay.cpp(33,12): warning C4244: 'initializing': conversion from 'double' to 'float', possible loss of data
C:\Users\spell\OneDrive\Ray-Tracer\Ray Tracer\CastRay.cpp(89,55): warning C4305: 'argument': truncation from 'double' to 'const float'
C:\Users\spell\OneDrive\Ray-Tracer\Ray Tracer\CastRay.cpp(93,39): warning C4305: 'argument': truncation from 'double' to 'const float'
  Light.cpp
  MathFunc.cpp
C:\Users\spell\OneDrive\Ray-Tracer\Ray Tracer\MathFunc.cpp(10,23): warning C4244: 'return': conversion from 'double' to 'float', possible loss of data
C:\Users\spell\OneDrive\Ray-Tracer\Ray Tracer\MathFunc.cpp(37,28): warning C4244: '=': conversion from 'double' to 'float', possible loss of data
C:\Users\spell\OneDrive\Ray-Tracer\Ray Tracer\MathFunc.cpp(41,17): warning C4244: 'initializing': conversion from 'double' to 'float', possible loss of data
  Object.cpp
C:\Users\spell\OneDrive\Ray-Tracer\Ray Tracer\Object.cpp(5,1): warning C4305: 'argument': truncation from 'double' to 'float'
  Ray.cpp
  RayTracer.cpp
C:\Users\spell\OneDrive\Ray-Tracer\Ray Tracer\Object.cpp(5,1): warning C4305: 'argument': truncation from 'double' to 'float'
  Settings.cpp
  Sphere.cpp
C:\Users\spell\OneDrive\Ray-Tracer\Ray Tracer\Object.cpp(5,1): warning C4305: 'argument': truncation from 'double' to 'float'
  Vec2f.cpp
  Vec3f.cpp
  World.cpp
C:\Users\spell\OneDrive\Ray-Tracer\Ray Tracer\Object.cpp(5,1): warning C4305: 'argument': truncation from 'double' to 'float'
C:\Users\spell\OneDrive\Ray-Tracer\Ray Tracer\World.cpp(8,24): warning C4305: '=': truncation from 'double' to 'float'
C:\Users\spell\OneDrive\Ray-Tracer\Ray Tracer\World.cpp(37,58): warning C4244: 'argument': conversion from 'double' to 'const float', possible loss of data
C:\Users\spell\OneDrive\Ray-Tracer\Ray Tracer\World.cpp(46,21): warning C4244: 'initializing': conversion from 'double' to 'float', possible loss of data
C:\Users\spell\OneDrive\Ray-Tracer\Ray Tracer\World.cpp(47,21): warning C4244: 'initializing': conversion from 'double' to 'float', possible loss of data
C:\Users\spell\OneDrive\Ray-Tracer\Ray Tracer\World.cpp(66,25): warning C4018: '<': signed/unsigned mismatch
C:\Users\spell\OneDrive\Ray-Tracer\Ray Tracer\World.cpp(79,12): warning C4101: 'event': unreferenced local variable
MathFunc.obj : warning LNK4006: "class std::mersenne_twister_engine<unsigned int,32,624,397,31,2567483615,11,4294967295,7,2636928640,15,4022730752,18,1812433253> gen" (?gen@@3V?$mersenne_twister_engine@I$0CA@$0CHA@$0BIN@$0BP@$0JJAILANP@$0L@$0PPPPPPPP@$06$0JNCMFGIA@$0P@$0OPMGAAAA@$0BC@$0GMAHIJGF@@std@@A) already defined in CastRay.obj; second definition ignored
MathFunc.obj : warning LNK4006: "class std::random_device rd" (?rd@@3Vrandom_device@std@@A) already defined in CastRay.obj; second definition ignored
MathFunc.obj : warning LNK4006: "class std::uniform_real_distribution<float> distribution" (?distribution@@3V?$uniform_real_distribution@M@std@@A) already defined in CastRay.obj; second definition ignored
MathFunc.obj : warning LNK4006: "class std::uniform_real_distribution<double> dis" (?dis@@3V?$uniform_real_distribution@N@std@@A) already defined in CastRay.obj; second definition ignored
MathFunc.obj : warning LNK4006: "class std::mersenne_twister_engine<unsigned int,32,624,397,31,2567483615,11,4294967295,7,2636928640,15,4022730752,18,1812433253> generator" (?generator@@3V?$mersenne_twister_engine@I$0CA@$0CHA@$0BIN@$0BP@$0JJAILANP@$0L@$0PPPPPPPP@$06$0JNCMFGIA@$0P@$0OPMGAAAA@$0BC@$0GMAHIJGF@@std@@A) already defined in CastRay.obj; second definition ignored
RayTracer.obj : warning LNK4006: "class std::mersenne_twister_engine<unsigned int,32,624,397,31,2567483615,11,4294967295,7,2636928640,15,4022730752,18,1812433253> gen" (?gen@@3V?$mersenne_twister_engine@I$0CA@$0CHA@$0BIN@$0BP@$0JJAILANP@$0L@$0PPPPPPPP@$06$0JNCMFGIA@$0P@$0OPMGAAAA@$0BC@$0GMAHIJGF@@std@@A) already defined in CastRay.obj; second definition ignored
RayTracer.obj : warning LNK4006: "class std::random_device rd" (?rd@@3Vrandom_device@std@@A) already defined in CastRay.obj; second definition ignored
RayTracer.obj : warning LNK4006: "class std::uniform_real_distribution<float> distribution" (?distribution@@3V?$uniform_real_distribution@M@std@@A) already defined in CastRay.obj; second definition ignored
RayTracer.obj : warning LNK4006: "class std::uniform_real_distribution<double> dis" (?dis@@3V?$uniform_real_distribution@N@std@@A) already defined in CastRay.obj; second definition ignored
RayTracer.obj : warning LNK4006: "class std::mersenne_twister_engine<unsigned int,32,624,397,31,2567483615,11,4294967295,7,2636928640,15,4022730752,18,1812433253> generator" (?generator@@3V?$mersenne_twister_engine@I$0CA@$0CHA@$0BIN@$0BP@$0JJAILANP@$0L@$0PPPPPPPP@$06$0JNCMFGIA@$0P@$0OPMGAAAA@$0BC@$0GMAHIJGF@@std@@A) already defined in CastRay.obj; second definition ignored
Object.obj : warning LNK4006: "public: virtual void __cdecl Object::GetNormal(class Vec3f &,class Vec3f const &)" (?GetNormal@Object@@UEAAXAEAVVec3f@@AEBV2@@Z) already defined in Object.obj; second definition ignored
Object.obj : warning LNK4006: "public: virtual bool __cdecl Object::Intersect(class Vec3f const &,class Vec3f const &,float &)" (?Intersect@Object@@UEAA_NAEBVVec3f@@0AEAM@Z) already defined in Object.obj; second definition ignored
Object.obj : warning LNK4006: "public: virtual __cdecl Object::~Object(void)" (??1Object@@UEAA@XZ) already defined in Object.obj; second definition ignored
Object.obj : warning LNK4006: "public: __cdecl Object::Object(void)" (??0Object@@QEAA@XZ) already defined in Object.obj; second definition ignored
Sphere.obj : warning LNK4006: "class std::mersenne_twister_engine<unsigned int,32,624,397,31,2567483615,11,4294967295,7,2636928640,15,4022730752,18,1812433253> gen" (?gen@@3V?$mersenne_twister_engine@I$0CA@$0CHA@$0BIN@$0BP@$0JJAILANP@$0L@$0PPPPPPPP@$06$0JNCMFGIA@$0P@$0OPMGAAAA@$0BC@$0GMAHIJGF@@std@@A) already defined in CastRay.obj; second definition ignored
Sphere.obj : warning LNK4006: "class std::random_device rd" (?rd@@3Vrandom_device@std@@A) already defined in CastRay.obj; second definition ignored
Sphere.obj : warning LNK4006: "class std::uniform_real_distribution<float> distribution" (?distribution@@3V?$uniform_real_distribution@M@std@@A) already defined in CastRay.obj; second definition ignored
Sphere.obj : warning LNK4006: "class std::uniform_real_distribution<double> dis" (?dis@@3V?$uniform_real_distribution@N@std@@A) already defined in CastRay.obj; second definition ignored
Sphere.obj : warning LNK4006: "class std::mersenne_twister_engine<unsigned int,32,624,397,31,2567483615,11,4294967295,7,2636928640,15,4022730752,18,1812433253> generator" (?generator@@3V?$mersenne_twister_engine@I$0CA@$0CHA@$0BIN@$0BP@$0JJAILANP@$0L@$0PPPPPPPP@$06$0JNCMFGIA@$0P@$0OPMGAAAA@$0BC@$0GMAHIJGF@@std@@A) already defined in CastRay.obj; second definition ignored
Object.obj : warning LNK4006: "public: virtual void __cdecl Object::GetNormal(class Vec3f &,class Vec3f const &)" (?GetNormal@Object@@UEAAXAEAVVec3f@@AEBV2@@Z) already defined in Object.obj; second definition ignored
Object.obj : warning LNK4006: "public: virtual bool __cdecl Object::Intersect(class Vec3f const &,class Vec3f const &,float &)" (?Intersect@Object@@UEAA_NAEBVVec3f@@0AEAM@Z) already defined in Object.obj; second definition ignored
Object.obj : warning LNK4006: "public: virtual __cdecl Object::~Object(void)" (??1Object@@UEAA@XZ) already defined in Object.obj; second definition ignored
Object.obj : warning LNK4006: "public: __cdecl Object::Object(void)" (??0Object@@QEAA@XZ) already defined in Object.obj; second definition ignored
World.obj : warning LNK4006: "class std::mersenne_twister_engine<unsigned int,32,624,397,31,2567483615,11,4294967295,7,2636928640,15,4022730752,18,1812433253> gen" (?gen@@3V?$mersenne_twister_engine@I$0CA@$0CHA@$0BIN@$0BP@$0JJAILANP@$0L@$0PPPPPPPP@$06$0JNCMFGIA@$0P@$0OPMGAAAA@$0BC@$0GMAHIJGF@@std@@A) already defined in CastRay.obj; second definition ignored
World.obj : warning LNK4006: "class std::random_device rd" (?rd@@3Vrandom_device@std@@A) already defined in CastRay.obj; second definition ignored
World.obj : warning LNK4006: "class std::uniform_real_distribution<float> distribution" (?distribution@@3V?$uniform_real_distribution@M@std@@A) already defined in CastRay.obj; second definition ignored
World.obj : warning LNK4006: "class std::uniform_real_distribution<double> dis" (?dis@@3V?$uniform_real_distribution@N@std@@A) already defined in CastRay.obj; second definition ignored
World.obj : warning LNK4006: "class std::mersenne_twister_engine<unsigned int,32,624,397,31,2567483615,11,4294967295,7,2636928640,15,4022730752,18,1812433253> generator" (?generator@@3V?$mersenne_twister_engine@I$0CA@$0CHA@$0BIN@$0BP@$0JJAILANP@$0L@$0PPPPPPPP@$06$0JNCMFGIA@$0P@$0OPMGAAAA@$0BC@$0GMAHIJGF@@std@@A) already defined in CastRay.obj; second definition ignored
Object.obj : warning LNK4006: "public: virtual void __cdecl Object::GetNormal(class Vec3f &,class Vec3f const &)" (?GetNormal@Object@@UEAAXAEAVVec3f@@AEBV2@@Z) already defined in Object.obj; second definition ignored
Object.obj : warning LNK4006: "public: virtual bool __cdecl Object::Intersect(class Vec3f const &,class Vec3f const &,float &)" (?Intersect@Object@@UEAA_NAEBVVec3f@@0AEAM@Z) already defined in Object.obj; second definition ignored
Object.obj : warning LNK4006: "public: virtual __cdecl Object::~Object(void)" (??1Object@@UEAA@XZ) already defined in Object.obj; second definition ignored
Object.obj : warning LNK4006: "public: __cdecl Object::Object(void)" (??0Object@@QEAA@XZ) already defined in Object.obj; second definition ignored
C:\Users\spell\OneDrive\Ray-Tracer\Ray Tracer\x64\Release\Ray Tracer.exe : warning LNK4088: image being generated due to /FORCE option; image may not run
  Generating code
  Previous IPDB not found, fall back to full compilation.
  All 248 functions were compiled because no usable IPDB/IOBJ from previous compilation was found.
  Finished generating code
RayTracer.obj : fatal error LNK1179: invalid or corrupt file: duplicate COMDAT '??1Object@@UEAA@XZ'
